<?xml version="1.0" encoding="UTF-8"?>
<testng-results ignored="0" total="1" passed="1" failed="0" skipped="0">
  <reporter-output>
  </reporter-output>
  <suite started-at="2025-12-31T13:36:33 IST" name="Surefire suite" finished-at="2025-12-31T13:37:17 IST" duration-ms="43932">
    <groups>
    </groups>
    <test started-at="2025-12-31T13:36:33 IST" name="Surefire test" finished-at="2025-12-31T13:37:17 IST" duration-ms="43932">
      <class name="com.automation.tests.SignUpTest">
        <test-method is-config="true" signature="setupReport()[pri:0, instance:com.automation.tests.SignUpTest@498d318c]" started-at="2025-12-31T13:36:33 IST" name="setupReport" finished-at="2025-12-31T13:36:33 IST" duration-ms="219" status="PASS">
          <reporter-output>
          </reporter-output>
        </test-method> <!-- setupReport -->
        <test-method is-config="true" signature="setup(java.lang.reflect.Method)[pri:0, instance:com.automation.tests.SignUpTest@498d318c]" started-at="2025-12-31T13:36:33 IST" name="setup" finished-at="2025-12-31T13:36:42 IST" duration-ms="9460" status="PASS">
          <params>
            <param index="0">
              <value>
                <![CDATA[public void com.automation.tests.SignUpTest.testPositiveSignUp() throws java.lang.InterruptedException]]>
              </value>
            </param>
          </params>
          <reporter-output>
          </reporter-output>
        </test-method> <!-- setup -->
        <test-method signature="testPositiveSignUp()[pri:0, instance:com.automation.tests.SignUpTest@498d318c]" started-at="2025-12-31T13:36:42 IST" name="testPositiveSignUp" finished-at="2025-12-31T13:37:14 IST" duration-ms="31229" status="PASS">
          <reporter-output>
          </reporter-output>
        </test-method> <!-- testPositiveSignUp -->
        <test-method is-config="true" signature="tearDown(org.testng.ITestResult)[pri:0, instance:com.automation.tests.SignUpTest@498d318c]" started-at="2025-12-31T13:37:14 IST" name="tearDown" finished-at="2025-12-31T13:37:17 IST" duration-ms="3202" status="PASS">
          <params>
            <param index="0">
              <value>
                <![CDATA[[TestResult name=testPositiveSignUp status=SUCCESS method=SignUpTest.testPositiveSignUp()[pri:0, instance:com.automation.tests.SignUpTest@498d318c] output={null}]]]>
              </value>
            </param>
          </params>
          <reporter-output>
          </reporter-output>
        </test-method> <!-- tearDown -->
        <test-method is-config="true" signature="tearDownReport()[pri:0, instance:com.automation.tests.SignUpTest@498d318c]" started-at="2025-12-31T13:37:17 IST" name="tearDownReport" finished-at="2025-12-31T13:37:17 IST" duration-ms="169" status="PASS">
          <reporter-output>
          </reporter-output>
        </test-method> <!-- tearDownReport -->
      </class> <!-- com.automation.tests.SignUpTest -->
    </test> <!-- Surefire test -->
  </suite> <!-- Surefire suite -->
</testng-results>
