<?xml version="1.0" encoding="UTF-8"?>
<testng-results ignored="0" total="5" passed="5" failed="0" skipped="0">
  <reporter-output>
  </reporter-output>
  <suite started-at="2025-12-31T09:55:37 IST" name="Surefire suite" finished-at="2025-12-31T10:00:01 IST" duration-ms="263810">
    <groups>
    </groups>
    <test started-at="2025-12-31T09:55:37 IST" name="Surefire test" finished-at="2025-12-31T10:00:01 IST" duration-ms="263810">
      <class name="com.automation.tests.ProfileTest">
        <test-method is-config="true" signature="setupReport()[pri:0, instance:com.automation.tests.ProfileTest@708f5957]" started-at="2025-12-31T09:55:37 IST" name="setupReport" finished-at="2025-12-31T09:55:37 IST" duration-ms="191" status="PASS">
          <reporter-output>
          </reporter-output>
        </test-method> <!-- setupReport -->
        <test-method is-config="true" signature="setup(java.lang.reflect.Method)[pri:0, instance:com.automation.tests.ProfileTest@708f5957]" started-at="2025-12-31T09:55:37 IST" name="setup" finished-at="2025-12-31T09:55:47 IST" duration-ms="9589" status="PASS">
          <params>
            <param index="0">
              <value>
                <![CDATA[public void com.automation.tests.ProfileTest.testMyOrders_TrackOrder() throws java.lang.InterruptedException]]>
              </value>
            </param>
          </params>
          <reporter-output>
          </reporter-output>
        </test-method> <!-- setup -->
        <test-method signature="testMyOrders_TrackOrder()[pri:1, instance:com.automation.tests.ProfileTest@708f5957]" started-at="2025-12-31T09:55:47 IST" name="testMyOrders_TrackOrder" finished-at="2025-12-31T09:56:27 IST" duration-ms="39845" status="PASS">
          <reporter-output>
          </reporter-output>
        </test-method> <!-- testMyOrders_TrackOrder -->
        <test-method is-config="true" signature="tearDown(org.testng.ITestResult)[pri:0, instance:com.automation.tests.ProfileTest@708f5957]" started-at="2025-12-31T09:56:27 IST" name="tearDown" finished-at="2025-12-31T09:56:30 IST" duration-ms="3172" status="PASS">
          <params>
            <param index="0">
              <value>
                <![CDATA[[TestResult name=testMyOrders_TrackOrder status=SUCCESS method=ProfileTest.testMyOrders_TrackOrder()[pri:1, instance:com.automation.tests.ProfileTest@708f5957] output={null}]]]>
              </value>
            </param>
          </params>
          <reporter-output>
          </reporter-output>
        </test-method> <!-- tearDown -->
        <test-method is-config="true" signature="setup(java.lang.reflect.Method)[pri:0, instance:com.automation.tests.ProfileTest@708f5957]" started-at="2025-12-31T09:56:30 IST" name="setup" finished-at="2025-12-31T09:56:37 IST" duration-ms="7125" status="PASS">
          <params>
            <param index="0">
              <value>
                <![CDATA[public void com.automation.tests.ProfileTest.testMyOrders_SendSample() throws java.lang.InterruptedException]]>
              </value>
            </param>
          </params>
          <reporter-output>
          </reporter-output>
        </test-method> <!-- setup -->
        <test-method signature="testMyOrders_SendSample()[pri:2, instance:com.automation.tests.ProfileTest@708f5957]" started-at="2025-12-31T09:56:37 IST" name="testMyOrders_SendSample" finished-at="2025-12-31T09:57:17 IST" duration-ms="39929" status="PASS">
          <reporter-output>
          </reporter-output>
        </test-method> <!-- testMyOrders_SendSample -->
        <test-method is-config="true" signature="tearDown(org.testng.ITestResult)[pri:0, instance:com.automation.tests.ProfileTest@708f5957]" started-at="2025-12-31T09:57:17 IST" name="tearDown" finished-at="2025-12-31T09:57:20 IST" duration-ms="3134" status="PASS">
          <params>
            <param index="0">
              <value>
                <![CDATA[[TestResult name=testMyOrders_SendSample status=SUCCESS method=ProfileTest.testMyOrders_SendSample()[pri:2, instance:com.automation.tests.ProfileTest@708f5957] output={null}]]]>
              </value>
            </param>
          </params>
          <reporter-output>
          </reporter-output>
        </test-method> <!-- tearDown -->
        <test-method is-config="true" signature="setup(java.lang.reflect.Method)[pri:0, instance:com.automation.tests.ProfileTest@708f5957]" started-at="2025-12-31T09:57:20 IST" name="setup" finished-at="2025-12-31T09:57:27 IST" duration-ms="7224" status="PASS">
          <params>
            <param index="0">
              <value>
                <![CDATA[public void com.automation.tests.ProfileTest.testHelpSupport_AllSections() throws java.lang.InterruptedException]]>
              </value>
            </param>
          </params>
          <reporter-output>
          </reporter-output>
        </test-method> <!-- setup -->
        <test-method signature="testHelpSupport_AllSections()[pri:3, instance:com.automation.tests.ProfileTest@708f5957]" started-at="2025-12-31T09:57:27 IST" name="testHelpSupport_AllSections" finished-at="2025-12-31T09:58:18 IST" duration-ms="50722" status="PASS">
          <reporter-output>
          </reporter-output>
        </test-method> <!-- testHelpSupport_AllSections -->
        <test-method is-config="true" signature="tearDown(org.testng.ITestResult)[pri:0, instance:com.automation.tests.ProfileTest@708f5957]" started-at="2025-12-31T09:58:18 IST" name="tearDown" finished-at="2025-12-31T09:58:21 IST" duration-ms="3077" status="PASS">
          <params>
            <param index="0">
              <value>
                <![CDATA[[TestResult name=testHelpSupport_AllSections status=SUCCESS method=ProfileTest.testHelpSupport_AllSections()[pri:3, instance:com.automation.tests.ProfileTest@708f5957] output={null}]]]>
              </value>
            </param>
          </params>
          <reporter-output>
          </reporter-output>
        </test-method> <!-- tearDown -->
        <test-method is-config="true" signature="setup(java.lang.reflect.Method)[pri:0, instance:com.automation.tests.ProfileTest@708f5957]" started-at="2025-12-31T09:58:21 IST" name="setup" finished-at="2025-12-31T09:58:29 IST" duration-ms="8235" status="PASS">
          <params>
            <param index="0">
              <value>
                <![CDATA[public void com.automation.tests.ProfileTest.testLegalInformation_AllSections() throws java.lang.InterruptedException]]>
              </value>
            </param>
          </params>
          <reporter-output>
          </reporter-output>
        </test-method> <!-- setup -->
        <test-method signature="testLegalInformation_AllSections()[pri:4, instance:com.automation.tests.ProfileTest@708f5957]" started-at="2025-12-31T09:58:29 IST" name="testLegalInformation_AllSections" finished-at="2025-12-31T09:59:12 IST" duration-ms="42504" status="PASS">
          <reporter-output>
          </reporter-output>
        </test-method> <!-- testLegalInformation_AllSections -->
        <test-method is-config="true" signature="tearDown(org.testng.ITestResult)[pri:0, instance:com.automation.tests.ProfileTest@708f5957]" started-at="2025-12-31T09:59:12 IST" name="tearDown" finished-at="2025-12-31T09:59:15 IST" duration-ms="3129" status="PASS">
          <params>
            <param index="0">
              <value>
                <![CDATA[[TestResult name=testLegalInformation_AllSections status=SUCCESS method=ProfileTest.testLegalInformation_AllSections()[pri:4, instance:com.automation.tests.ProfileTest@708f5957] output={null}]]]>
              </value>
            </param>
          </params>
          <reporter-output>
          </reporter-output>
        </test-method> <!-- tearDown -->
        <test-method is-config="true" signature="setup(java.lang.reflect.Method)[pri:0, instance:com.automation.tests.ProfileTest@708f5957]" started-at="2025-12-31T09:59:15 IST" name="setup" finished-at="2025-12-31T09:59:22 IST" duration-ms="7145" status="PASS">
          <params>
            <param index="0">
              <value>
                <![CDATA[public void com.automation.tests.ProfileTest.testLogout() throws java.lang.InterruptedException]]>
              </value>
            </param>
          </params>
          <reporter-output>
          </reporter-output>
        </test-method> <!-- setup -->
        <test-method signature="testLogout()[pri:5, instance:com.automation.tests.ProfileTest@708f5957]" started-at="2025-12-31T09:59:22 IST" name="testLogout" finished-at="2025-12-31T09:59:58 IST" duration-ms="35833" status="PASS">
          <reporter-output>
          </reporter-output>
        </test-method> <!-- testLogout -->
        <test-method is-config="true" signature="tearDown(org.testng.ITestResult)[pri:0, instance:com.automation.tests.ProfileTest@708f5957]" started-at="2025-12-31T09:59:58 IST" name="tearDown" finished-at="2025-12-31T10:00:01 IST" duration-ms="3101" status="PASS">
          <params>
            <param index="0">
              <value>
                <![CDATA[[TestResult name=testLogout status=SUCCESS method=ProfileTest.testLogout()[pri:5, instance:com.automation.tests.ProfileTest@708f5957] output={null}]]]>
              </value>
            </param>
          </params>
          <reporter-output>
          </reporter-output>
        </test-method> <!-- tearDown -->
        <test-method is-config="true" signature="tearDownReport()[pri:0, instance:com.automation.tests.ProfileTest@708f5957]" started-at="2025-12-31T10:00:01 IST" name="tearDownReport" finished-at="2025-12-31T10:00:01 IST" duration-ms="330" status="PASS">
          <reporter-output>
          </reporter-output>
        </test-method> <!-- tearDownReport -->
      </class> <!-- com.automation.tests.ProfileTest -->
    </test> <!-- Surefire test -->
  </suite> <!-- Surefire suite -->
</testng-results>
