<?xml version="1.0" encoding="UTF-8"?>
<testng-results ignored="0" total="5" passed="5" failed="0" skipped="0">
  <reporter-output>
  </reporter-output>
  <suite started-at="2025-12-31T01:23:39 IST" name="Surefire suite" finished-at="2025-12-31T01:28:06 IST" duration-ms="267244">
    <groups>
    </groups>
    <test started-at="2025-12-31T01:23:39 IST" name="Surefire test" finished-at="2025-12-31T01:28:06 IST" duration-ms="267244">
      <class name="com.automation.tests.ProfileTest">
        <test-method is-config="true" signature="setupReport()[pri:0, instance:com.automation.tests.ProfileTest@2ef3eef9]" started-at="2025-12-31T01:23:39 IST" name="setupReport" finished-at="2025-12-31T01:23:39 IST" duration-ms="271" status="PASS">
          <reporter-output>
          </reporter-output>
        </test-method> <!-- setupReport -->
        <test-method is-config="true" signature="setup(java.lang.reflect.Method)[pri:0, instance:com.automation.tests.ProfileTest@2ef3eef9]" started-at="2025-12-31T01:23:39 IST" name="setup" finished-at="2025-12-31T01:23:50 IST" duration-ms="10908" status="PASS">
          <params>
            <param index="0">
              <value>
                <![CDATA[public void com.automation.tests.ProfileTest.testMyOrders_TrackOrder() throws java.lang.InterruptedException]]>
              </value>
            </param>
          </params>
          <reporter-output>
          </reporter-output>
        </test-method> <!-- setup -->
        <test-method signature="testMyOrders_TrackOrder()[pri:1, instance:com.automation.tests.ProfileTest@2ef3eef9]" started-at="2025-12-31T01:23:50 IST" name="testMyOrders_TrackOrder" finished-at="2025-12-31T01:24:29 IST" duration-ms="39222" status="PASS">
          <reporter-output>
          </reporter-output>
        </test-method> <!-- testMyOrders_TrackOrder -->
        <test-method is-config="true" signature="tearDown(org.testng.ITestResult)[pri:0, instance:com.automation.tests.ProfileTest@2ef3eef9]" started-at="2025-12-31T01:24:29 IST" name="tearDown" finished-at="2025-12-31T01:24:32 IST" duration-ms="3113" status="PASS">
          <params>
            <param index="0">
              <value>
                <![CDATA[[TestResult name=testMyOrders_TrackOrder status=SUCCESS method=ProfileTest.testMyOrders_TrackOrder()[pri:1, instance:com.automation.tests.ProfileTest@2ef3eef9] output={null}]]]>
              </value>
            </param>
          </params>
          <reporter-output>
          </reporter-output>
        </test-method> <!-- tearDown -->
        <test-method is-config="true" signature="setup(java.lang.reflect.Method)[pri:0, instance:com.automation.tests.ProfileTest@2ef3eef9]" started-at="2025-12-31T01:24:32 IST" name="setup" finished-at="2025-12-31T01:24:41 IST" duration-ms="8484" status="PASS">
          <params>
            <param index="0">
              <value>
                <![CDATA[public void com.automation.tests.ProfileTest.testMyOrders_SendSample() throws java.lang.InterruptedException]]>
              </value>
            </param>
          </params>
          <reporter-output>
          </reporter-output>
        </test-method> <!-- setup -->
        <test-method signature="testMyOrders_SendSample()[pri:2, instance:com.automation.tests.ProfileTest@2ef3eef9]" started-at="2025-12-31T01:24:41 IST" name="testMyOrders_SendSample" finished-at="2025-12-31T01:25:22 IST" duration-ms="41508" status="PASS">
          <reporter-output>
          </reporter-output>
        </test-method> <!-- testMyOrders_SendSample -->
        <test-method is-config="true" signature="tearDown(org.testng.ITestResult)[pri:0, instance:com.automation.tests.ProfileTest@2ef3eef9]" started-at="2025-12-31T01:25:22 IST" name="tearDown" finished-at="2025-12-31T01:25:25 IST" duration-ms="3181" status="PASS">
          <params>
            <param index="0">
              <value>
                <![CDATA[[TestResult name=testMyOrders_SendSample status=SUCCESS method=ProfileTest.testMyOrders_SendSample()[pri:2, instance:com.automation.tests.ProfileTest@2ef3eef9] output={null}]]]>
              </value>
            </param>
          </params>
          <reporter-output>
          </reporter-output>
        </test-method> <!-- tearDown -->
        <test-method is-config="true" signature="setup(java.lang.reflect.Method)[pri:0, instance:com.automation.tests.ProfileTest@2ef3eef9]" started-at="2025-12-31T01:25:25 IST" name="setup" finished-at="2025-12-31T01:25:33 IST" duration-ms="7364" status="PASS">
          <params>
            <param index="0">
              <value>
                <![CDATA[public void com.automation.tests.ProfileTest.testHelpSupport_AllSections() throws java.lang.InterruptedException]]>
              </value>
            </param>
          </params>
          <reporter-output>
          </reporter-output>
        </test-method> <!-- setup -->
        <test-method signature="testHelpSupport_AllSections()[pri:3, instance:com.automation.tests.ProfileTest@2ef3eef9]" started-at="2025-12-31T01:25:33 IST" name="testHelpSupport_AllSections" finished-at="2025-12-31T01:26:23 IST" duration-ms="50755" status="PASS">
          <reporter-output>
          </reporter-output>
        </test-method> <!-- testHelpSupport_AllSections -->
        <test-method is-config="true" signature="tearDown(org.testng.ITestResult)[pri:0, instance:com.automation.tests.ProfileTest@2ef3eef9]" started-at="2025-12-31T01:26:23 IST" name="tearDown" finished-at="2025-12-31T01:26:27 IST" duration-ms="3177" status="PASS">
          <params>
            <param index="0">
              <value>
                <![CDATA[[TestResult name=testHelpSupport_AllSections status=SUCCESS method=ProfileTest.testHelpSupport_AllSections()[pri:3, instance:com.automation.tests.ProfileTest@2ef3eef9] output={null}]]]>
              </value>
            </param>
          </params>
          <reporter-output>
          </reporter-output>
        </test-method> <!-- tearDown -->
        <test-method is-config="true" signature="setup(java.lang.reflect.Method)[pri:0, instance:com.automation.tests.ProfileTest@2ef3eef9]" started-at="2025-12-31T01:26:27 IST" name="setup" finished-at="2025-12-31T01:26:34 IST" duration-ms="7429" status="PASS">
          <params>
            <param index="0">
              <value>
                <![CDATA[public void com.automation.tests.ProfileTest.testLegalInformation_AllSections() throws java.lang.InterruptedException]]>
              </value>
            </param>
          </params>
          <reporter-output>
          </reporter-output>
        </test-method> <!-- setup -->
        <test-method signature="testLegalInformation_AllSections()[pri:4, instance:com.automation.tests.ProfileTest@2ef3eef9]" started-at="2025-12-31T01:26:34 IST" name="testLegalInformation_AllSections" finished-at="2025-12-31T01:27:18 IST" duration-ms="44028" status="PASS">
          <reporter-output>
          </reporter-output>
        </test-method> <!-- testLegalInformation_AllSections -->
        <test-method is-config="true" signature="tearDown(org.testng.ITestResult)[pri:0, instance:com.automation.tests.ProfileTest@2ef3eef9]" started-at="2025-12-31T01:27:18 IST" name="tearDown" finished-at="2025-12-31T01:27:21 IST" duration-ms="3150" status="PASS">
          <params>
            <param index="0">
              <value>
                <![CDATA[[TestResult name=testLegalInformation_AllSections status=SUCCESS method=ProfileTest.testLegalInformation_AllSections()[pri:4, instance:com.automation.tests.ProfileTest@2ef3eef9] output={null}]]]>
              </value>
            </param>
          </params>
          <reporter-output>
          </reporter-output>
        </test-method> <!-- tearDown -->
        <test-method is-config="true" signature="setup(java.lang.reflect.Method)[pri:0, instance:com.automation.tests.ProfileTest@2ef3eef9]" started-at="2025-12-31T01:27:21 IST" name="setup" finished-at="2025-12-31T01:27:28 IST" duration-ms="7233" status="PASS">
          <params>
            <param index="0">
              <value>
                <![CDATA[public void com.automation.tests.ProfileTest.testLogout() throws java.lang.InterruptedException]]>
              </value>
            </param>
          </params>
          <reporter-output>
          </reporter-output>
        </test-method> <!-- setup -->
        <test-method signature="testLogout()[pri:5, instance:com.automation.tests.ProfileTest@2ef3eef9]" started-at="2025-12-31T01:27:28 IST" name="testLogout" finished-at="2025-12-31T01:28:03 IST" duration-ms="34604" status="PASS">
          <reporter-output>
          </reporter-output>
        </test-method> <!-- testLogout -->
        <test-method is-config="true" signature="tearDown(org.testng.ITestResult)[pri:0, instance:com.automation.tests.ProfileTest@2ef3eef9]" started-at="2025-12-31T01:28:03 IST" name="tearDown" finished-at="2025-12-31T01:28:06 IST" duration-ms="3040" status="PASS">
          <params>
            <param index="0">
              <value>
                <![CDATA[[TestResult name=testLogout status=SUCCESS method=ProfileTest.testLogout()[pri:5, instance:com.automation.tests.ProfileTest@2ef3eef9] output={null}]]]>
              </value>
            </param>
          </params>
          <reporter-output>
          </reporter-output>
        </test-method> <!-- tearDown -->
        <test-method is-config="true" signature="tearDownReport()[pri:0, instance:com.automation.tests.ProfileTest@2ef3eef9]" started-at="2025-12-31T01:28:06 IST" name="tearDownReport" finished-at="2025-12-31T01:28:07 IST" duration-ms="393" status="PASS">
          <reporter-output>
          </reporter-output>
        </test-method> <!-- tearDownReport -->
      </class> <!-- com.automation.tests.ProfileTest -->
    </test> <!-- Surefire test -->
  </suite> <!-- Surefire suite -->
</testng-results>
