<?xml version="1.0" encoding="UTF-8"?>
<!-- Generated by org.testng.reporters.JUnitXMLReporter -->
<testsuite ignored="0" hostname="KATHIR" failures="0" tests="5" name="Surefire test" time="263.81" errors="0" timestamp="2025-12-31T10:00:01 IST">
  <testcase classname="com.automation.tests.ProfileTest" name="testMyOrders_TrackOrder" time="39.845"/>
  <testcase classname="com.automation.tests.ProfileTest" name="testMyOrders_SendSample" time="39.929"/>
  <testcase classname="com.automation.tests.ProfileTest" name="testHelpSupport_AllSections" time="50.722"/>
  <testcase classname="com.automation.tests.ProfileTest" name="testLegalInformation_AllSections" time="42.504"/>
  <testcase classname="com.automation.tests.ProfileTest" name="testLogout" time="35.833"/>
</testsuite> <!-- Surefire test -->
