<?xml version="1.0" encoding="UTF-8"?>
<!-- Generated by org.testng.reporters.JUnitXMLReporter -->
<testsuite ignored="1" hostname="KATHIR" failures="0" tests="1" name="Surefire test" time="43.932" errors="0" timestamp="2025-12-31T13:37:17 IST">
  <testcase classname="com.automation.tests.SignUpTest" name="testPositiveSignUp" time="31.229"/>
  <testcase classname="com.automation.tests.SignUpTest" name="testNegativeSignUp" time="0.0">
    <ignored/>
  </testcase> <!-- testNegativeSignUp -->
</testsuite> <!-- Surefire test -->
