<?xml version="1.0" encoding="UTF-8"?>
<!-- Generated by org.testng.reporters.JUnitReportReporter -->
<testsuite hostname="KATHIR" failures="0" tests="5" name="com.automation.tests.ProfileTest" time="267.196" errors="0" timestamp="2025-12-31T01:28:07 IST" skipped="0">
  <testcase classname="com.automation.tests.ProfileTest" name="testMyOrders_TrackOrder" time="49.691"/>
  <testcase classname="com.automation.tests.ProfileTest" name="testMyOrders_SendSample" time="53.142"/>
  <testcase classname="com.automation.tests.ProfileTest" name="testHelpSupport_AllSections" time="61.232"/>
  <testcase classname="com.automation.tests.ProfileTest" name="testLegalInformation_AllSections" time="54.438"/>
  <testcase classname="com.automation.tests.ProfileTest" name="testLogout" time="48.693"/>
</testsuite> <!-- com.automation.tests.ProfileTest -->
